<?xml version="1.0" encoding="UTF-8"?>
<!-- Generated by org.testng.reporters.JUnitXMLReporter -->
<testsuite ignored="0" hostname="TI-NB-398" failures="1" tests="1" name="Test" time="10.657" errors="0" timestamp="2021-06-08T23:30:13 IST">
  <testcase classname="TestCases.Testcase1" name="Registration" time="0.278">
    <failure type="java.lang.AssertionError" message="First name entered corrected expected [Sri] but found [srikanth1]">
      <![CDATA[java.lang.AssertionError: First name entered corrected expected [Sri] but found [srikanth1]
at TestCases.Testcase1.Registration(Testcase1.java:40)
at java.base/java.util.ArrayList.forEach(ArrayList.java:1511)
... Removed 32 stack frames]]>
    </failure>
  </testcase> <!-- Registration -->
</testsuite> <!-- Test -->
