<?xml version="1.0" encoding="UTF-8"?>
<!-- Generated by org.testng.reporters.JUnitXMLReporter -->
<testsuite ignored="0" hostname="TI-NB-398" failures="1" tests="2" name="Test" time="24.021" errors="0" timestamp="2021-06-06T21:26:04 IST">
  <testcase classname="TestCases.Testcase1" name="Registration" time="6.801"/>
  <testcase classname="TestCases.Testcase1" name="test" time="10.176">
    <failure type="org.sikuli.script.FindFailed" message="C:\Users\ssa\git\Automation_Framwork\Files\fileInputTextBox.PNG: (696x39) in R[0,0 1536x864]@S(0)">
      <![CDATA[FindFailed: C:\Users\ssa\git\Automation_Framwork\Files\fileInputTextBox.PNG: (696x39) in R[0,0 1536x864]@S(0)
  Line 2226, in file Region.java

at org.sikuli.script.Region.wait(Region.java:2226)
at org.sikuli.script.Region.wait(Region.java:2244)
at org.sikuli.script.Region.getLocationFromTarget(Region.java:3298)
at org.sikuli.script.Region.click(Region.java:3916)
at org.sikuli.script.Region.click(Region.java:3892)
at TestCases.Testcase1.test(Testcase1.java:85)
at java.base/java.util.ArrayList.forEach(ArrayList.java:1511)
... Removed 27 stack frames]]>
    </failure>
  </testcase> <!-- test -->
</testsuite> <!-- Test -->
