<?xml version="1.0" encoding="UTF-8"?>
<testng-results ignored="0" total="1" passed="1" failed="0" skipped="0">
  <reporter-output>
  </reporter-output>
  <suite started-at="2021-05-26T15:33:47 IST" name="Suite" finished-at="2021-05-26T15:34:04 IST" duration-ms="16672">
    <groups>
    </groups>
    <test started-at="2021-05-26T15:33:47 IST" name="Test" finished-at="2021-05-26T15:34:04 IST" duration-ms="16672">
      <class name="TestCases.Testcase1">
        <test-method is-config="true" signature="lunchBrowser(java.lang.String)[pri:0, instance:TestCases.Testcase1@654f0d9c]" started-at="2021-05-26T15:33:47 IST" name="lunchBrowser" finished-at="2021-05-26T15:33:57 IST" duration-ms="9519" status="PASS">
          <params>
            <param index="0">
              <value>
                <![CDATA[edge]]>
              </value>
            </param>
          </params>
          <reporter-output>
          </reporter-output>
        </test-method> <!-- lunchBrowser -->
        <test-method signature="Registration()[pri:0, instance:TestCases.Testcase1@654f0d9c]" started-at="2021-05-26T15:33:57 IST" name="Registration" finished-at="2021-05-26T15:34:04 IST" duration-ms="7059" status="PASS">
          <reporter-output>
          </reporter-output>
        </test-method> <!-- Registration -->
        <test-method is-config="true" signature="closeBrowser()[pri:0, instance:TestCases.Testcase1@654f0d9c]" started-at="2021-05-26T15:34:04 IST" name="closeBrowser" finished-at="2021-05-26T15:34:04 IST" duration-ms="1" status="PASS">
          <reporter-output>
          </reporter-output>
        </test-method> <!-- closeBrowser -->
      </class> <!-- TestCases.Testcase1 -->
    </test> <!-- Test -->
  </suite> <!-- Suite -->
</testng-results>
