<?xml version="1.0" encoding="UTF-8"?>
<testng-results ignored="0" total="1" passed="1" failed="0" skipped="0">
  <reporter-output>
  </reporter-output>
  <suite started-at="2021-06-09T00:21:23 IST" name="Suite" finished-at="2021-06-09T00:21:37 IST" duration-ms="14451">
    <groups>
    </groups>
    <test started-at="2021-06-09T00:21:23 IST" name="Test" finished-at="2021-06-09T00:21:37 IST" duration-ms="14451">
      <class name="TestCases.Testcase1">
        <test-method is-config="true" signature="lunchBrowser(java.lang.String)[pri:0, instance:TestCases.Testcase1@1700915]" started-at="2021-06-09T00:21:23 IST" name="lunchBrowser" finished-at="2021-06-09T00:21:30 IST" duration-ms="7620" status="PASS">
          <params>
            <param index="0">
              <value>
                <![CDATA[chrome]]>
              </value>
            </param>
          </params>
          <reporter-output>
          </reporter-output>
        </test-method> <!-- lunchBrowser -->
        <test-method signature="Registration()[pri:0, instance:TestCases.Testcase1@1700915]" started-at="2021-06-09T00:21:30 IST" name="Registration" finished-at="2021-06-09T00:21:37 IST" duration-ms="6612" status="PASS">
          <reporter-output>
          </reporter-output>
        </test-method> <!-- Registration -->
        <test-method is-config="true" signature="closeBrowser()[pri:0, instance:TestCases.Testcase1@1700915]" started-at="2021-06-09T00:21:37 IST" name="closeBrowser" finished-at="2021-06-09T00:21:37 IST" duration-ms="176" status="PASS">
          <reporter-output>
          </reporter-output>
        </test-method> <!-- closeBrowser -->
      </class> <!-- TestCases.Testcase1 -->
    </test> <!-- Test -->
  </suite> <!-- Suite -->
</testng-results>
